<?xml version="1.0" encoding="UTF-8"?>
<!-- Generated by org.testng.reporters.JUnitReportReporter -->
<testsuite hostname="Cibby" failures="0" tests="1" name="project4_kendricks.TestGame" time="0.003" errors="0" timestamp="2023-11-14T11:04:27 CST" skipped="0">
  <testcase classname="project4_kendricks.TestGame" name="testGame" time="0.003"/>
</testsuite> <!-- project4_kendricks.TestGame -->
